{"level":"info","message":"All notifications marked as read emitted to 67e24fd680b6a6c4d162db1a with socket v7aUPoHMNyY7f3-0AAAJ"}
{"level":"info","message":"All notifications marked as read emitted to 67e24fd680b6a6c4d162db1a with socket kzrv1xtg__zgrPVCAACT"}
{"level":"info","message":"All notifications marked as read emitted to 67e24fd680b6a6c4d162db1a with socket oV7UKqJMKtYbDI3hAABH"}
{"level":"info","message":"Notification 67fcb3bfeb261fe15dc0cc7e marked as read emitted to 67e24fd680b6a6c4d162db1a with socket GDaVja0ghJ1zqd16AAAJ"}
{"level":"info","message":"Notification 67fcb3baeb261fe15dc0cc56 marked as read emitted to 67e24fd680b6a6c4d162db1a with socket GDaVja0ghJ1zqd16AAAJ"}
{"level":"info","message":"Notification 67fbfb99c6977aa2a7d78903 marked as read emitted to 67e24fd680b6a6c4d162db1a with socket GDaVja0ghJ1zqd16AAAJ"}
{"level":"info","message":"All notifications marked as read emitted to 67f3a66ee784c59fea8c183c with socket 8Y2rwh0PfwyMlCRPAAAR"}
{"level":"info","message":"Notification 67fcb41deb261fe15dc0ce00 marked as read emitted to 67f3a66ee784c59fea8c183c with socket 0e6b5NirjJZMrXfwAAAT"}
{"level":"info","message":"Notification 67fcb41ceb261fe15dc0cdf5 marked as read emitted to 67f3a66ee784c59fea8c183c with socket 0e6b5NirjJZMrXfwAAAT"}
{"level":"info","message":"All notifications marked as read emitted to 67f3a66ee784c59fea8c183c with socket 0e6b5NirjJZMrXfwAAAT"}
{"level":"info","message":"All notifications marked as read emitted to 67e2536f3e9bb9212297ce02 with socket o1lh3TV7Ym2YqXZrAAAd"}
{"level":"info","message":"All notifications marked as read emitted to 67f3a66ee784c59fea8c183c with socket GBLXlc8veZWdqge1AAA3"}
{"level":"info","message":"Notification 67ff7cc32e5ccb0c452c1897 marked as read emitted to 67ff7cc32e5ccb0c452c1894 with socket qhusnnnMH3mZHnSOAAAD"}
{"level":"info","message":"Notification 67ff82e2c5faa31f93f92c17 marked as read emitted to 67ff7cc32e5ccb0c452c1894 with socket v72rkXFRPoBSr06eAAAh"}
{"level":"info","message":"Notification 67ff82ddc5faa31f93f92c08 marked as read emitted to 67ff7cc32e5ccb0c452c1894 with socket v72rkXFRPoBSr06eAAAh"}
{"level":"info","message":"Notification 67ff87b7eb087944030f9279 marked as read emitted to 67ff7cc32e5ccb0c452c1894 with socket KvMvPoB1H3Cs_V5kAAAP"}
{"level":"info","message":"Notification 67ff87b4eb087944030f925b marked as read emitted to 67ff7cc32e5ccb0c452c1894 with socket KvMvPoB1H3Cs_V5kAAAP"}
{"level":"info","message":"Notification 67ff87b6eb087944030f926a marked as read emitted to 67ff7cc32e5ccb0c452c1894 with socket KvMvPoB1H3Cs_V5kAAAP"}
{"level":"info","message":"Notification 67ff87b2eb087944030f924c marked as read emitted to 67ff7cc32e5ccb0c452c1894 with socket KvMvPoB1H3Cs_V5kAAAP"}
{"level":"info","message":"Notification 67ff85abdc9c6da8755a0a92 marked as read emitted to 67ff82a8c5faa31f93f92b13 with socket lkyGL9nLce3uCmvQAAAD"}
{"level":"info","message":"Notification 67ff82a8c5faa31f93f92b16 marked as read emitted to 67ff82a8c5faa31f93f92b13 with socket lkyGL9nLce3uCmvQAAAD"}
